0000-0cf7 : PCI Bus 0000:00
  0000-001f : dma1
  0020-0021 : pic1
  0040-0043 : timer0
  0050-0053 : timer1
  0060-0060 : keyboard
  0064-0064 : keyboard
  0070-0077 : rtc0
  0080-008f : dma page reg
  00a0-00a1 : pic2
  00b2-00b2 : APEI ERST
  00c0-00df : dma2
  00f0-00ff : PNP0C04:00
    00f0-00ff : fpu
  02f8-02ff : serial
  03e8-03ef : serial
  03f8-03ff : serial
  0400-0453 : pnp 00:01
    0400-0403 : ACPI PM1a_EVT_BLK
    0404-0405 : ACPI PM1a_CNT_BLK
    0408-040b : ACPI PM_TMR
    0420-042f : ACPI GPE0_BLK
    0430-0433 : iTCO_wdt.0.auto
      0430-0433 : iTCO_wdt
    0450-0450 : ACPI PM2_CNT_BLK
  0454-0457 : pnp 00:03
  0458-047f : pnp 00:01
    0460-047f : iTCO_wdt.0.auto
      0460-047f : iTCO_wdt
  04d0-04d1 : pnp 00:04
  0500-057f : pnp 00:01
  0580-059f : 0000:00:1f.3
    0580-059f : i801_smbus
  0680-069f : pnp 00:01
  0a00-0a1f : pnp 00:05
  0a30-0a3f : pnp 00:05
  0b00-0b7f : pnp 00:08
  0ca2-0ca2 : IPI0001:00
    0ca2-0ca2 : ipmi_si
  0ca3-0ca3 : IPI0001:00
    0ca3-0ca3 : ipmi_si
0cf8-0cff : PCI conf1
0d00-ffff : PCI Bus 0000:00
  1000-100f : pnp 00:01
  164e-164f : pnp 00:01
  d000-dfff : PCI Bus 0000:03
    d000-d01f : 0000:03:00.0
  e000-efff : PCI Bus 0000:02
    e000-e01f : 0000:02:00.0
  f000-f01f : 0000:00:1f.2
    f000-f01f : ahci
  f020-f023 : 0000:00:1f.2
    f020-f023 : ahci
  f030-f037 : 0000:00:1f.2
    f030-f037 : ahci
  f040-f043 : 0000:00:1f.2
    f040-f043 : ahci
  f050-f057 : 0000:00:1f.2
    f050-f057 : ahci
  ffff-ffff : pnp 00:01
    ffff-ffff : pnp 00:01
